<?xml version="1.0" encoding="UTF-8"?>
<!-- Generated by org.testng.reporters.JUnitReportReporter -->
<testsuite hostname="LAPTOP-B9TEFLB6" failures="0" tests="1" name="petsmile.NewTest" time="0.004" errors="0" timestamp="2022-01-17T22:17:30 CLST" skipped="0">
  <testcase classname="petsmile.NewTest" name="f" time="0.004"/>
  <system-out/>
</testsuite> <!-- petsmile.NewTest -->
