<?xml version="1.0" encoding="UTF-8"?>
<!-- Generated by org.testng.reporters.JUnitReportReporter -->
<testsuite hostname="LAPTOP-B9TEFLB6" failures="0" tests="1" name="petsmile.NewTest" time="0.001" errors="0" timestamp="18 Jan 2022 00:36:17 GMT" skipped="0">
  <testcase classname="petsmile.NewTest" name="f" time="0.001"/>
</testsuite> <!-- petsmile.NewTest -->
